[INFO]2015-11-05 15:22:23,746: cache not found @2015-11-05 15:22:23
[INFO]2015-11-05 15:26:02,746: 开始第1次查找@1446708362
[INFO]2015-11-05 15:26:02,747: 缓存读取异常, 重建
[INFO]2015-11-05 15:26:02,749: 开始查找: 15500
[INFO]2015-11-05 15:26:02,845: 开始查找: 15501
[INFO]2015-11-05 15:26:02,867: 开始查找: 15502
[INFO]2015-11-05 15:26:02,884: 开始查找: 15503
[INFO]2015-11-05 15:26:02,904: 开始查找: 15504
[INFO]2015-11-05 15:26:02,923: 开始查找: 15505
[INFO]2015-11-05 15:26:02,940: 开始查找: 15506
[INFO]2015-11-05 15:26:02,970: 开始查找: 15507
[INFO]2015-11-05 15:26:02,987: 开始查找: 15508
[INFO]2015-11-05 15:26:03,023: 开始查找: 15509
[INFO]2015-11-05 15:26:03,042: find 15509
[INFO]2015-11-05 15:26:03,042: 开始查找: 15510
[INFO]2015-11-05 15:26:03,059: find 15510
[INFO]2015-11-05 15:26:03,059: 开始查找: 15511
[INFO]2015-11-05 15:26:03,082: 开始查找: 15512
[INFO]2015-11-05 15:26:03,101: 开始查找: 15513
[INFO]2015-11-05 15:26:03,124: 开始查找: 15514
[INFO]2015-11-05 15:26:03,144: 开始查找: 15515
[INFO]2015-11-05 15:26:03,163: 开始查找: 15516
[INFO]2015-11-05 15:26:03,193: 开始查找: 15517
[INFO]2015-11-05 15:26:03,216: 开始查找: 15518
[INFO]2015-11-05 15:26:03,240: 开始查找: 15519
[INFO]2015-11-05 15:26:03,263: 开始查找: 15520
[INFO]2015-11-05 15:26:03,308: 开始查找: 15521
[INFO]2015-11-05 15:26:03,323: 开始查找: 15522
[INFO]2015-11-05 15:26:03,348: 开始查找: 15523
[INFO]2015-11-05 15:26:03,371: 开始查找: 15524
[INFO]2015-11-05 15:26:03,397: 开始查找: 15525
[INFO]2015-11-05 15:26:03,427: 开始查找: 15526
[INFO]2015-11-05 15:26:03,444: 开始查找: 15527
[INFO]2015-11-05 15:26:03,477: 开始查找: 15528
[INFO]2015-11-05 15:26:03,516: 开始查找: 15529
[INFO]2015-11-05 15:26:03,533: 开始查找: 15530
[INFO]2015-11-05 15:26:03,553: 开始查找: 15531
[INFO]2015-11-05 15:26:03,573: 开始查找: 15532
[INFO]2015-11-05 15:26:03,602: 开始查找: 15533
[INFO]2015-11-05 15:26:03,624: 开始查找: 15534
[INFO]2015-11-05 15:26:03,660: find 15534
[INFO]2015-11-05 15:26:03,660: 开始查找: 15535
[INFO]2015-11-05 15:26:03,680: 开始查找: 15536
[INFO]2015-11-05 15:26:03,697: 开始查找: 15537
[INFO]2015-11-05 15:26:03,714: 开始查找: 15538
[INFO]2015-11-05 15:26:03,739: 开始查找: 15539
[INFO]2015-11-05 15:26:03,756: 开始查找: 15540
[INFO]2015-11-05 15:26:03,776: 开始查找: 15541
[INFO]2015-11-05 15:26:03,793: 开始查找: 15542
[INFO]2015-11-05 15:26:03,812: 开始查找: 15543
[INFO]2015-11-05 15:26:03,829: 开始查找: 15544
[INFO]2015-11-05 15:26:03,846: 开始查找: 15545
[INFO]2015-11-05 15:26:03,869: find 15545
[INFO]2015-11-05 15:26:03,869: 开始查找: 15546
[INFO]2015-11-05 15:26:03,895: find 15546
[INFO]2015-11-05 15:26:03,895: 开始查找: 15547
[INFO]2015-11-05 15:26:03,915: 开始查找: 15548
[INFO]2015-11-05 15:26:03,938: 开始查找: 15549
[INFO]2015-11-05 15:26:04,022: 开始查找: 15550
[INFO]2015-11-05 15:26:04,043: 开始查找: 15551
[INFO]2015-11-05 15:26:04,062: 开始查找: 15552
[INFO]2015-11-05 15:26:04,085: 开始查找: 15553
[INFO]2015-11-05 15:26:04,102: 开始查找: 15554
[INFO]2015-11-05 15:26:04,118: 开始查找: 15555
[INFO]2015-11-05 15:26:04,138: 开始查找: 15556
[INFO]2015-11-05 15:26:04,157: 开始查找: 15557
[INFO]2015-11-05 15:26:04,174: find 15557
[INFO]2015-11-05 15:26:04,174: 开始查找: 15558
[INFO]2015-11-05 15:26:04,190: find 15558
[INFO]2015-11-05 15:26:04,190: 开始查找: 15559
[INFO]2015-11-05 15:26:04,209: 开始查找: 15560
[INFO]2015-11-05 15:26:04,226: 开始查找: 15561
[INFO]2015-11-05 15:26:04,252: 开始查找: 15562
[INFO]2015-11-05 15:26:04,273: 开始查找: 15563
[INFO]2015-11-05 15:26:04,292: 开始查找: 15564
[INFO]2015-11-05 15:26:04,323: 开始查找: 15565
[INFO]2015-11-05 15:26:04,342: 开始查找: 15566
[INFO]2015-11-05 15:26:04,359: 开始查找: 15567
[INFO]2015-11-05 15:26:04,378: 开始查找: 15568
[INFO]2015-11-05 15:26:04,395: 开始查找: 15569
[INFO]2015-11-05 15:26:04,415: 开始查找: 15570
[INFO]2015-11-05 15:26:04,434: 开始查找: 15571
[INFO]2015-11-05 15:26:04,451: 开始查找: 15572
[INFO]2015-11-05 15:26:04,469: 开始查找: 15573
[INFO]2015-11-05 15:26:04,487: 开始查找: 15574
[INFO]2015-11-05 15:26:04,505: 开始查找: 15575
[INFO]2015-11-05 15:26:04,528: 开始查找: 15576
[INFO]2015-11-05 15:26:04,563: 开始查找: 15577
[INFO]2015-11-05 15:26:04,584: 开始查找: 15578
[INFO]2015-11-05 15:26:04,605: 开始查找: 15579
[INFO]2015-11-05 15:26:04,621: 开始查找: 15580
[INFO]2015-11-05 15:26:04,641: 开始查找: 15581
[INFO]2015-11-05 15:26:04,658: 开始查找: 15582
[INFO]2015-11-05 15:26:04,677: find 15582
[INFO]2015-11-05 15:26:04,678: 开始查找: 15583
[INFO]2015-11-05 15:26:04,700: find 15583
[INFO]2015-11-05 15:26:04,700: 开始查找: 15584
[INFO]2015-11-05 15:26:04,720: 开始查找: 15585
[INFO]2015-11-05 15:26:04,736: 开始查找: 15586
[INFO]2015-11-05 15:26:04,756: 开始查找: 15587
[INFO]2015-11-05 15:26:04,773: 开始查找: 15588
[INFO]2015-11-05 15:26:04,789: find 15588
[INFO]2015-11-05 15:26:04,789: 开始查找: 15589
[INFO]2015-11-05 15:26:04,809: find 15589
[INFO]2015-11-05 15:26:04,809: 开始查找: 15590
[INFO]2015-11-05 15:26:04,828: 开始查找: 15591
[INFO]2015-11-05 15:26:04,844: 开始查找: 15592
[INFO]2015-11-05 15:26:04,868: 开始查找: 15593
[INFO]2015-11-05 15:26:04,887: 开始查找: 15594
[INFO]2015-11-05 15:26:04,905: 开始查找: 15595
[INFO]2015-11-05 15:26:04,927: 开始查找: 15596
[INFO]2015-11-05 15:26:04,947: 开始查找: 15597
[INFO]2015-11-05 15:26:04,969: 开始查找: 15598
[INFO]2015-11-05 15:26:04,987: 开始查找: 15599
[INFO]2015-11-05 15:26:05,005: 开始查找: 15600
[INFO]2015-11-05 15:26:05,023: 开始查找: 15601
[INFO]2015-11-05 15:26:05,043: 开始查找: 15602
[INFO]2015-11-05 15:26:05,062: 开始查找: 15603
[INFO]2015-11-05 15:26:05,079: 开始查找: 15604
[INFO]2015-11-05 15:26:05,096: 开始查找: 15605
[INFO]2015-11-05 15:26:05,115: 开始查找: 15606
[INFO]2015-11-05 15:26:05,141: 开始查找: 15607
[INFO]2015-11-05 15:26:05,161: 开始查找: 15608
[INFO]2015-11-05 15:26:05,216: 开始查找: 15609
[INFO]2015-11-05 15:26:05,243: 开始查找: 15610
[INFO]2015-11-05 15:26:05,272: 开始查找: 15611
[INFO]2015-11-05 15:26:05,299: 开始查找: 15612
[INFO]2015-11-05 15:26:05,318: 开始查找: 15613
[INFO]2015-11-05 15:26:05,338: 开始查找: 15614
[INFO]2015-11-05 15:26:05,357: 开始查找: 15615
[INFO]2015-11-05 15:26:05,391: 开始查找: 15616
[INFO]2015-11-05 15:26:05,408: 开始查找: 15617
[INFO]2015-11-05 15:26:05,427: 开始查找: 15618
[INFO]2015-11-05 15:26:05,444: 开始查找: 15619
[INFO]2015-11-05 15:26:05,461: 开始查找: 15620
[INFO]2015-11-05 15:26:05,480: 开始查找: 15621
[INFO]2015-11-05 15:26:05,497: 开始查找: 15622
[INFO]2015-11-05 15:26:05,516: 开始查找: 15623
[INFO]2015-11-05 15:26:05,536: 开始查找: 15624
[INFO]2015-11-05 15:26:05,556: 开始查找: 15625
[INFO]2015-11-05 15:26:05,573: 开始查找: 15626
[INFO]2015-11-05 15:26:05,595: 开始查找: 15627
[INFO]2015-11-05 15:26:05,615: 开始查找: 15628
[INFO]2015-11-05 15:26:05,634: 开始查找: 15629
[INFO]2015-11-05 15:26:05,653: 开始查找: 15630
[INFO]2015-11-05 15:26:05,674: 开始查找: 15631
[INFO]2015-11-05 15:26:05,690: 开始查找: 15632
[INFO]2015-11-05 15:26:05,710: 开始查找: 15633
[INFO]2015-11-05 15:26:05,729: 开始查找: 15634
[INFO]2015-11-05 15:26:05,746: 开始查找: 15635
[INFO]2015-11-05 15:26:05,763: 开始查找: 15636
[INFO]2015-11-05 15:26:05,788: 开始查找: 15637
[INFO]2015-11-05 15:26:05,805: 开始查找: 15638
[INFO]2015-11-05 15:26:05,821: 开始查找: 15639
[INFO]2015-11-05 15:26:05,841: 开始查找: 15640
[INFO]2015-11-05 15:26:05,859: 开始查找: 15641
[INFO]2015-11-05 15:26:05,880: 开始查找: 15642
[INFO]2015-11-05 15:26:05,898: 开始查找: 15643
[INFO]2015-11-05 15:26:05,917: 开始查找: 15644
[INFO]2015-11-05 15:26:05,936: 开始查找: 15645
[INFO]2015-11-05 15:26:05,953: 开始查找: 15646
[INFO]2015-11-05 15:26:05,970: 开始查找: 15647
[INFO]2015-11-05 15:26:05,989: 开始查找: 15648
[INFO]2015-11-05 15:26:06,009: 开始查找: 15649
[INFO]2015-11-05 15:26:06,028: 开始查找: 15650
[INFO]2015-11-05 15:26:06,046: 开始查找: 15651
[INFO]2015-11-05 15:26:06,063: 开始查找: 15652
[INFO]2015-11-05 15:26:06,081: 开始查找: 15653
[INFO]2015-11-05 15:26:06,098: 开始查找: 15654
[INFO]2015-11-05 15:26:06,115: 开始查找: 15655
[INFO]2015-11-05 15:26:06,140: 开始查找: 15656
[INFO]2015-11-05 15:26:06,164: 开始查找: 15657
[INFO]2015-11-05 15:26:06,181: find 15657
[INFO]2015-11-05 15:26:06,181: 开始查找: 15658
[INFO]2015-11-05 15:26:06,203: 开始查找: 15659
[INFO]2015-11-05 15:26:06,221: 开始查找: 15660
[INFO]2015-11-05 15:26:06,240: 开始查找: 15661
[INFO]2015-11-05 15:26:06,257: 开始查找: 15662
[INFO]2015-11-05 15:26:06,279: 开始查找: 15663
[INFO]2015-11-05 15:26:06,296: 开始查找: 15664
[INFO]2015-11-05 15:26:06,325: 开始查找: 15665
[INFO]2015-11-05 15:26:06,342: 开始查找: 15666
[INFO]2015-11-05 15:26:06,359: 开始查找: 15667
[INFO]2015-11-05 15:26:06,378: 开始查找: 15668
[INFO]2015-11-05 15:26:06,398: 开始查找: 15669
[INFO]2015-11-05 15:26:06,417: 开始查找: 15670
[INFO]2015-11-05 15:26:06,436: 开始查找: 15671
[INFO]2015-11-05 15:26:06,454: 开始查找: 15672
[INFO]2015-11-05 15:26:06,476: 开始查找: 15673
[INFO]2015-11-05 15:26:06,496: 开始查找: 15674
[INFO]2015-11-05 15:26:06,515: 开始查找: 15675
[INFO]2015-11-05 15:26:06,532: 开始查找: 15676
[INFO]2015-11-05 15:26:06,551: 开始查找: 15677
[INFO]2015-11-05 15:26:06,569: 开始查找: 15678
[INFO]2015-11-05 15:26:06,585: 开始查找: 15679
[INFO]2015-11-05 15:26:06,601: 开始查找: 15680
[INFO]2015-11-05 15:26:06,622: 开始查找: 15681
[INFO]2015-11-05 15:26:06,642: 开始查找: 15682
[INFO]2015-11-05 15:26:06,661: 开始查找: 15683
[INFO]2015-11-05 15:26:06,684: 开始查找: 15684
[INFO]2015-11-05 15:26:06,703: 开始查找: 15685
[INFO]2015-11-05 15:26:06,721: find 15685
[INFO]2015-11-05 15:26:06,721: 开始查找: 15686
[INFO]2015-11-05 15:26:06,740: 开始查找: 15687
[INFO]2015-11-05 15:26:06,763: 开始查找: 15688
[INFO]2015-11-05 15:26:06,786: 开始查找: 15689
[INFO]2015-11-05 15:26:06,809: 开始查找: 15690
[INFO]2015-11-05 15:26:06,829: 开始查找: 15691
[INFO]2015-11-05 15:26:06,858: 开始查找: 15692
[INFO]2015-11-05 15:26:06,877: 开始查找: 15693
[INFO]2015-11-05 15:26:06,894: 开始查找: 15694
[INFO]2015-11-05 15:26:06,911: 开始查找: 15695
[INFO]2015-11-05 15:26:06,931: 开始查找: 15696
[INFO]2015-11-05 15:26:06,950: 开始查找: 15697
[INFO]2015-11-05 15:26:06,967: 开始查找: 15698
[INFO]2015-11-05 15:26:06,987: 开始查找: 15699
[INFO]2015-11-05 15:26:07,006: 开始查找: 15700
[INFO]2015-11-05 15:26:07,039: 开始查找: 15701
[INFO]2015-11-05 15:26:07,056: 开始查找: 15702
[INFO]2015-11-05 15:26:07,073: 开始查找: 15703
[INFO]2015-11-05 15:26:07,091: 开始查找: 15704
[INFO]2015-11-05 15:26:07,109: 开始查找: 15705
[INFO]2015-11-05 15:26:07,127: 开始查找: 15706
[INFO]2015-11-05 15:26:07,144: 开始查找: 15707
[INFO]2015-11-05 15:26:07,161: 开始查找: 15708
[INFO]2015-11-05 15:26:07,180: 开始查找: 15709
[INFO]2015-11-05 15:26:07,198: 开始查找: 15710
[INFO]2015-11-05 15:26:07,216: 开始查找: 15711
[INFO]2015-11-05 15:26:07,236: find 15711
[INFO]2015-11-05 15:26:07,236: 开始查找: 15712
[INFO]2015-11-05 15:26:07,256: find 15712
[INFO]2015-11-05 15:26:07,256: 开始查找: 15713
[INFO]2015-11-05 15:26:07,273: find 15713
[INFO]2015-11-05 15:26:07,273: 开始查找: 15714
[INFO]2015-11-05 15:26:07,289: 开始查找: 15715
[INFO]2015-11-05 15:26:07,309: 开始查找: 15716
[INFO]2015-11-05 15:26:07,329: 开始查找: 15717
[INFO]2015-11-05 15:26:07,351: 开始查找: 15718
[INFO]2015-11-05 15:26:07,371: 开始查找: 15719
[INFO]2015-11-05 15:26:07,391: 开始查找: 15720
[INFO]2015-11-05 15:26:07,411: 开始查找: 15721
[INFO]2015-11-05 15:26:07,433: 开始查找: 15722
[INFO]2015-11-05 15:26:07,453: 开始查找: 15723
[INFO]2015-11-05 15:26:07,470: 开始查找: 15724
[INFO]2015-11-05 15:26:07,487: 开始查找: 15725
[INFO]2015-11-05 15:26:07,506: 开始查找: 15726
[INFO]2015-11-05 15:26:07,523: 开始查找: 15727
[INFO]2015-11-05 15:26:07,545: 开始查找: 15728
[INFO]2015-11-05 15:26:07,565: 开始查找: 15729
[INFO]2015-11-05 15:26:07,584: 开始查找: 15730
[INFO]2015-11-05 15:26:07,602: 开始查找: 15731
[INFO]2015-11-05 15:26:07,621: 开始查找: 15732
[INFO]2015-11-05 15:26:07,641: 开始查找: 15733
[INFO]2015-11-05 15:26:07,658: 开始查找: 15734
[INFO]2015-11-05 15:26:07,677: 开始查找: 15735
[INFO]2015-11-05 15:26:07,694: 开始查找: 15736
[INFO]2015-11-05 15:26:07,719: 开始查找: 15737
[INFO]2015-11-05 15:26:07,736: 开始查找: 15738
[INFO]2015-11-05 15:26:07,755: 开始查找: 15739
[INFO]2015-11-05 15:26:07,773: 开始查找: 15740
[INFO]2015-11-05 15:26:07,792: 开始查找: 15741
[INFO]2015-11-05 15:26:07,812: find 15741
[INFO]2015-11-05 15:26:07,812: 开始查找: 15742
[INFO]2015-11-05 15:26:07,831: 开始查找: 15743
[INFO]2015-11-05 15:26:07,852: 开始查找: 15744
[INFO]2015-11-05 15:26:07,871: 开始查找: 15745
[INFO]2015-11-05 15:26:07,890: 开始查找: 15746
[INFO]2015-11-05 15:26:07,907: 开始查找: 15747
[INFO]2015-11-05 15:26:07,927: 开始查找: 15748
[INFO]2015-11-05 15:26:07,946: 开始查找: 15749
[INFO]2015-11-05 15:26:07,963: 开始查找: 15750
[INFO]2015-11-05 15:26:07,990: 开始查找: 15751
[INFO]2015-11-05 15:26:08,007: 开始查找: 15752
[INFO]2015-11-05 15:26:08,026: 开始查找: 15753
[INFO]2015-11-05 15:26:08,038: 开始查找: 15754
[INFO]2015-11-05 15:26:08,046: 开始查找: 15755
[INFO]2015-11-05 15:26:08,058: 开始查找: 15756
[INFO]2015-11-05 15:26:08,066: 开始查找: 15757
[INFO]2015-11-05 15:26:08,075: 开始查找: 15758
[INFO]2015-11-05 15:26:08,082: 开始查找: 15759
[INFO]2015-11-05 15:26:08,092: 开始查找: 15760
[INFO]2015-11-05 15:26:08,101: 开始查找: 15761
[INFO]2015-11-05 15:26:08,111: 开始查找: 15762
[INFO]2015-11-05 15:26:08,121: 开始查找: 15763
[INFO]2015-11-05 15:26:08,131: 开始查找: 15764
[INFO]2015-11-05 15:26:08,138: 开始查找: 15765
[INFO]2015-11-05 15:26:08,155: 开始查找: 15766
[INFO]2015-11-05 15:26:08,167: 开始查找: 15767
[INFO]2015-11-05 15:26:08,180: 开始查找: 15768
[INFO]2015-11-05 15:26:08,191: 开始查找: 15769
[INFO]2015-11-05 15:26:08,200: 开始查找: 15770
[INFO]2015-11-05 15:26:08,210: 开始查找: 15771
[INFO]2015-11-05 15:26:08,220: 开始查找: 15772
[INFO]2015-11-05 15:26:08,230: 开始查找: 15773
[INFO]2015-11-05 15:26:08,240: 开始查找: 15774
[INFO]2015-11-05 15:26:08,250: 开始查找: 15775
[INFO]2015-11-05 15:26:08,260: 开始查找: 15776
[INFO]2015-11-05 15:26:08,269: 开始查找: 15777
[INFO]2015-11-05 15:26:08,279: 开始查找: 15778
[INFO]2015-11-05 15:26:08,288: 开始查找: 15779
[INFO]2015-11-05 15:26:08,296: 开始查找: 15780
[INFO]2015-11-05 15:26:08,306: 开始查找: 15781
[INFO]2015-11-05 15:26:08,316: 开始查找: 15782
[INFO]2015-11-05 15:26:08,328: 开始查找: 15783
[INFO]2015-11-05 15:26:08,338: 开始查找: 15784
[INFO]2015-11-05 15:26:08,348: 开始查找: 15785
[INFO]2015-11-05 15:26:08,358: 开始查找: 15786
[INFO]2015-11-05 15:26:08,368: 开始查找: 15787
[INFO]2015-11-05 15:26:08,378: 开始查找: 15788
[INFO]2015-11-05 15:26:08,391: 开始查找: 15789
[INFO]2015-11-05 15:26:08,401: 开始查找: 15790
[INFO]2015-11-05 15:26:08,414: 开始查找: 15791
[INFO]2015-11-05 15:26:08,424: 开始查找: 15792
[INFO]2015-11-05 15:26:08,434: 开始查找: 15793
[INFO]2015-11-05 15:26:08,444: 开始查找: 15794
[INFO]2015-11-05 15:26:08,453: 开始查找: 15795
[INFO]2015-11-05 15:26:08,463: 开始查找: 15796
[INFO]2015-11-05 15:26:08,474: 开始查找: 15797
[INFO]2015-11-05 15:26:08,484: 开始查找: 15798
[INFO]2015-11-05 15:26:08,496: 开始查找: 15799
[INFO]2015-11-05 15:26:08,506: 开始查找: 15800
[INFO]2015-11-05 15:26:08,515: 开始查找: 15801
[INFO]2015-11-05 15:26:08,523: 开始查找: 15802
[INFO]2015-11-05 15:26:08,533: 开始查找: 15803
[INFO]2015-11-05 15:26:08,545: 开始查找: 15804
[INFO]2015-11-05 15:26:08,561: 开始查找: 15805
[INFO]2015-11-05 15:26:08,572: 开始查找: 15806
[INFO]2015-11-05 15:26:08,582: 开始查找: 15807
[INFO]2015-11-05 15:26:08,596: 开始查找: 15808
[INFO]2015-11-05 15:26:08,607: 开始查找: 15809
[INFO]2015-11-05 15:26:08,617: 开始查找: 15810
[INFO]2015-11-05 15:26:08,628: 开始查找: 15811
[INFO]2015-11-05 15:26:08,638: 开始查找: 15812
[INFO]2015-11-05 15:26:08,648: 开始查找: 15813
[INFO]2015-11-05 15:26:08,657: 开始查找: 15814
[INFO]2015-11-05 15:26:08,667: 开始查找: 15815
[INFO]2015-11-05 15:26:08,676: 开始查找: 15816
[INFO]2015-11-05 15:26:08,687: 开始查找: 15817
[INFO]2015-11-05 15:26:08,697: 开始查找: 15818
[INFO]2015-11-05 15:26:08,707: 开始查找: 15819
[INFO]2015-11-05 15:26:08,716: 开始查找: 15820
[INFO]2015-11-05 15:26:08,726: 开始查找: 15821
[INFO]2015-11-05 15:26:08,736: 开始查找: 15822
[INFO]2015-11-05 15:26:08,746: 开始查找: 15823
[INFO]2015-11-05 15:26:08,757: 开始查找: 15824
[INFO]2015-11-05 15:26:08,769: 开始查找: 15825
[INFO]2015-11-05 15:26:08,779: 开始查找: 15826
[INFO]2015-11-05 15:26:08,789: 开始查找: 15827
[INFO]2015-11-05 15:26:08,799: 开始查找: 15828
[INFO]2015-11-05 15:26:08,811: 开始查找: 15829
[INFO]2015-11-05 15:26:08,819: 开始查找: 15830
[INFO]2015-11-05 15:26:08,829: 开始查找: 15831
[INFO]2015-11-05 15:26:08,838: 开始查找: 15832
[INFO]2015-11-05 15:26:08,851: 开始查找: 15833
[INFO]2015-11-05 15:26:08,859: 开始查找: 15834
[INFO]2015-11-05 15:26:08,871: 开始查找: 15835
[INFO]2015-11-05 15:26:08,880: 开始查找: 15836
[INFO]2015-11-05 15:26:08,888: 开始查找: 15837
[INFO]2015-11-05 15:26:08,897: 开始查找: 15838
[INFO]2015-11-05 15:26:08,907: 开始查找: 15839
[INFO]2015-11-05 15:26:08,918: 开始查找: 15840
[INFO]2015-11-05 15:26:08,943: 更新起点至15751
[INFO]2015-11-05 15:26:08,943: 第1次查找结束
[INFO]2015-11-05 15:28:57,062: find cache @2015-11-05 15:28:57
[INFO]2015-11-19 11:37:03,615: 开始第1次查找@1447904223
[INFO]2015-11-19 11:37:03,645: 开始查找: 15971
[INFO]2015-11-19 11:37:04,213: 开始查找: 15972
[INFO]2015-11-19 11:37:04,236: 开始查找: 15973
[INFO]2015-11-19 11:37:04,262: 开始查找: 15974
[INFO]2015-11-19 11:37:04,285: 开始查找: 15975
[INFO]2015-11-19 11:37:04,305: 开始查找: 15976
[INFO]2015-11-19 11:37:04,325: 开始查找: 15977
[INFO]2015-11-19 11:37:04,345: 开始查找: 15978
[INFO]2015-11-19 11:37:04,367: 开始查找: 15979
[INFO]2015-11-19 11:37:04,388: 开始查找: 15980
[INFO]2015-11-19 11:37:04,405: 开始查找: 15981
[INFO]2015-11-19 11:37:04,424: 开始查找: 15982
[INFO]2015-11-19 11:37:04,446: 开始查找: 15983
[INFO]2015-11-19 11:37:04,466: 开始查找: 15984
[INFO]2015-11-19 11:37:04,487: 开始查找: 15985
[INFO]2015-11-19 11:37:04,507: 开始查找: 15986
[INFO]2015-11-19 11:37:04,529: 开始查找: 15987
[INFO]2015-11-19 11:37:04,549: 开始查找: 15988
[INFO]2015-11-19 11:37:04,566: 开始查找: 15989
[INFO]2015-11-19 11:37:04,585: 开始查找: 15990
[INFO]2015-11-19 11:37:04,605: 开始查找: 15991
[INFO]2015-11-19 11:37:04,625: 开始查找: 15992
[INFO]2015-11-19 11:37:04,642: find 15992
[INFO]2015-11-19 11:37:04,642: 开始查找: 15993
[INFO]2015-11-19 11:37:04,661: 开始查找: 15994
[INFO]2015-11-19 11:37:04,680: 开始查找: 15995
[INFO]2015-11-19 11:37:04,700: 开始查找: 15996
[INFO]2015-11-19 11:37:04,719: 开始查找: 15997
[INFO]2015-11-19 11:37:04,740: 开始查找: 15998
[INFO]2015-11-19 11:37:04,756: 开始查找: 15999
[INFO]2015-11-19 11:37:04,776: 开始查找: 16000
[INFO]2015-11-19 11:37:04,793: 开始查找: 16001
[INFO]2015-11-19 11:37:04,812: 开始查找: 16002
[INFO]2015-11-19 11:37:04,842: 开始查找: 16003
[INFO]2015-11-19 11:37:04,868: 开始查找: 16004
[INFO]2015-11-19 11:37:04,894: 开始查找: 16005
[INFO]2015-11-19 11:37:04,913: 开始查找: 16006
[INFO]2015-11-19 11:37:04,934: 开始查找: 16007
[INFO]2015-11-19 11:37:04,954: 开始查找: 16008
[INFO]2015-11-19 11:37:04,973: 开始查找: 16009
[INFO]2015-11-19 11:37:04,990: 开始查找: 16010
[INFO]2015-11-19 11:37:05,016: 开始查找: 16011
[INFO]2015-11-19 11:37:05,039: 开始查找: 16012
[INFO]2015-11-19 11:37:05,062: 开始查找: 16013
[INFO]2015-11-19 11:37:05,082: 开始查找: 16014
[INFO]2015-11-19 11:37:05,102: 开始查找: 16015
[INFO]2015-11-19 11:37:05,121: 开始查找: 16016
[INFO]2015-11-19 11:37:05,140: 开始查找: 16017
[INFO]2015-11-19 11:37:05,157: 开始查找: 16018
[INFO]2015-11-19 11:37:05,177: 开始查找: 16019
[INFO]2015-11-19 11:37:05,201: 开始查找: 16020
[INFO]2015-11-19 11:37:05,220: 开始查找: 16021
[INFO]2015-11-19 11:37:05,240: 开始查找: 16022
[INFO]2015-11-19 11:37:05,259: 开始查找: 16023
[INFO]2015-11-19 11:37:05,276: 开始查找: 16024
[INFO]2015-11-19 11:37:05,296: 开始查找: 16025
[INFO]2015-11-19 11:37:05,315: 开始查找: 16026
[INFO]2015-11-19 11:37:05,332: 开始查找: 16027
[INFO]2015-11-19 11:37:05,351: 开始查找: 16028
[INFO]2015-11-19 11:37:05,368: 开始查找: 16029
[INFO]2015-11-19 11:37:05,387: 开始查找: 16030
[INFO]2015-11-19 11:37:05,404: 开始查找: 16031
[INFO]2015-11-19 11:37:05,421: 开始查找: 16032
[INFO]2015-11-19 11:37:05,444: 开始查找: 16033
[INFO]2015-11-19 11:37:05,461: 开始查找: 16034
[INFO]2015-11-19 11:37:05,480: 开始查找: 16035
[INFO]2015-11-19 11:37:05,502: 开始查找: 16036
[INFO]2015-11-19 11:37:05,519: 开始查找: 16037
[INFO]2015-11-19 11:37:05,538: 开始查找: 16038
[INFO]2015-11-19 11:37:05,555: 开始查找: 16039
[INFO]2015-11-19 11:37:05,575: 开始查找: 16040
[INFO]2015-11-19 11:37:05,596: 开始查找: 16041
[INFO]2015-11-19 11:37:05,615: find 16041
[INFO]2015-11-19 11:37:05,615: 开始查找: 16042
[INFO]2015-11-19 11:37:05,634: 开始查找: 16043
[INFO]2015-11-19 11:37:05,654: find 16043
[INFO]2015-11-19 11:37:05,654: 开始查找: 16044
[INFO]2015-11-19 11:37:05,674: find 16044
[INFO]2015-11-19 11:37:05,676: 开始查找: 16045
[INFO]2015-11-19 11:37:05,691: 开始查找: 16046
[INFO]2015-11-19 11:37:05,713: 开始查找: 16047
[INFO]2015-11-19 11:37:05,736: 开始查找: 16048
[INFO]2015-11-19 11:37:05,756: 开始查找: 16049
[INFO]2015-11-19 11:37:05,776: 开始查找: 16050
[INFO]2015-11-19 11:37:05,801: 开始查找: 16051
[INFO]2015-11-19 11:37:05,838: 开始查找: 16052
[INFO]2015-11-19 11:37:05,857: 开始查找: 16053
[INFO]2015-11-19 11:37:05,874: 开始查找: 16054
[INFO]2015-11-19 11:37:05,891: 开始查找: 16055
[INFO]2015-11-19 11:37:05,907: 开始查找: 16056
[INFO]2015-11-19 11:37:05,927: 开始查找: 16057
[INFO]2015-11-19 11:37:05,946: 开始查找: 16058
[INFO]2015-11-19 11:37:05,963: 开始查找: 16059
[INFO]2015-11-19 11:37:05,980: 开始查找: 16060
[INFO]2015-11-19 11:37:05,997: 开始查找: 16061
[INFO]2015-11-19 11:37:06,029: 开始查找: 16062
[INFO]2015-11-19 11:37:06,051: 开始查找: 16063
[INFO]2015-11-19 11:37:06,069: 开始查找: 16064
[INFO]2015-11-19 11:37:06,086: 开始查找: 16065
[INFO]2015-11-19 11:37:06,105: 开始查找: 16066
[INFO]2015-11-19 11:37:06,125: 开始查找: 16067
[INFO]2015-11-19 11:37:06,142: 开始查找: 16068
[INFO]2015-11-19 11:37:06,164: 开始查找: 16069
[INFO]2015-11-19 11:37:06,183: 开始查找: 16070
[INFO]2015-11-19 11:37:06,201: 开始查找: 16071
[INFO]2015-11-19 11:37:06,220: 开始查找: 16072
[INFO]2015-11-19 11:37:06,243: 开始查找: 16073
[INFO]2015-11-19 11:37:06,269: 开始查找: 16074
[INFO]2015-11-19 11:37:06,289: 开始查找: 16075
[INFO]2015-11-19 11:37:06,308: 开始查找: 16076
[INFO]2015-11-19 11:37:06,325: 开始查找: 16077
[INFO]2015-11-19 11:37:06,342: 开始查找: 16078
[INFO]2015-11-19 11:37:06,359: 开始查找: 16079
[INFO]2015-11-19 11:37:06,378: 开始查找: 16080
[INFO]2015-11-19 11:37:06,397: 开始查找: 16081
[INFO]2015-11-19 11:37:06,414: 开始查找: 16082
[INFO]2015-11-19 11:37:06,433: 开始查找: 16083
[INFO]2015-11-19 11:37:06,456: 开始查找: 16084
[INFO]2015-11-19 11:37:06,473: 开始查找: 16085
[INFO]2015-11-19 11:37:06,490: 开始查找: 16086
[INFO]2015-11-19 11:37:06,509: 开始查找: 16087
[INFO]2015-11-19 11:37:06,526: 开始查找: 16088
[INFO]2015-11-19 11:37:06,546: 开始查找: 16089
[INFO]2015-11-19 11:37:06,565: 开始查找: 16090
[INFO]2015-11-19 11:37:06,584: 开始查找: 16091
[INFO]2015-11-19 11:37:06,602: 开始查找: 16092
[INFO]2015-11-19 11:37:06,621: 开始查找: 16093
[INFO]2015-11-19 11:37:06,765: 开始查找: 16094
[INFO]2015-11-19 11:37:06,868: 开始查找: 16095
[INFO]2015-11-19 11:37:07,072: 开始查找: 16096
[INFO]2015-11-19 11:37:07,260: 开始查找: 16097
[INFO]2015-11-19 11:37:07,292: 开始查找: 16098
[INFO]2015-11-19 11:37:07,371: 开始查找: 16099
[INFO]2015-11-19 11:37:07,391: 开始查找: 16100
[INFO]2015-11-19 11:37:07,414: 开始查找: 16101
[INFO]2015-11-19 11:37:07,436: 开始查找: 16102
[INFO]2015-11-19 11:37:07,456: find 16102
[INFO]2015-11-19 11:37:07,457: 开始查找: 16103
[INFO]2015-11-19 11:37:07,473: 开始查找: 16104
[INFO]2015-11-19 11:37:07,493: 开始查找: 16105
[INFO]2015-11-19 11:37:07,510: 开始查找: 16106
[INFO]2015-11-19 11:37:07,532: 开始查找: 16107
[INFO]2015-11-19 11:37:07,556: 开始查找: 16108
[INFO]2015-11-19 11:37:07,575: 开始查找: 16109
[INFO]2015-11-19 11:37:07,595: 开始查找: 16110
[INFO]2015-11-19 11:37:07,615: 开始查找: 16111
[INFO]2015-11-19 11:37:07,645: 开始查找: 16112
[INFO]2015-11-19 11:37:07,664: 开始查找: 16113
[INFO]2015-11-19 11:37:07,683: 开始查找: 16114
[INFO]2015-11-19 11:37:07,704: 开始查找: 16115
[INFO]2015-11-19 11:37:07,726: 开始查找: 16116
[INFO]2015-11-19 11:37:07,755: 开始查找: 16117
[INFO]2015-11-19 11:37:07,773: 开始查找: 16118
[INFO]2015-11-19 11:37:07,793: 开始查找: 16119
[INFO]2015-11-19 11:37:07,812: 开始查找: 16120
[INFO]2015-11-19 11:37:07,835: 开始查找: 16121
[INFO]2015-11-19 11:37:07,855: 开始查找: 16122
[INFO]2015-11-19 11:37:07,882: 开始查找: 16123
[INFO]2015-11-19 11:37:07,901: 开始查找: 16124
[INFO]2015-11-19 11:37:07,921: 开始查找: 16125
[INFO]2015-11-19 11:37:07,943: 开始查找: 16126
[INFO]2015-11-19 11:37:07,960: 开始查找: 16127
[INFO]2015-11-19 11:37:07,977: 开始查找: 16128
[INFO]2015-11-19 11:37:07,996: 开始查找: 16129
[INFO]2015-11-19 11:37:08,016: 开始查找: 16130
[INFO]2015-11-19 11:37:08,035: 开始查找: 16131
[INFO]2015-11-19 11:37:08,053: 开始查找: 16132
[INFO]2015-11-19 11:37:08,072: 开始查找: 16133
[INFO]2015-11-19 11:37:08,092: 开始查找: 16134
[INFO]2015-11-19 11:37:08,111: 开始查找: 16135
[INFO]2015-11-19 11:37:08,130: 开始查找: 16136
[INFO]2015-11-19 11:37:08,150: 开始查找: 16137
[INFO]2015-11-19 11:37:08,168: 开始查找: 16138
[INFO]2015-11-19 11:37:08,203: 开始查找: 16139
[INFO]2015-11-19 11:37:08,232: 开始查找: 16140
[INFO]2015-11-19 11:37:08,259: 开始查找: 16141
[DEBUG]2015-11-19 11:37:08,288: IndexError
[INFO]2015-11-19 11:37:08,288: 开始查找: 16142
[INFO]2015-11-19 11:37:08,315: 开始查找: 16143
[INFO]2015-11-19 11:37:08,338: 开始查找: 16144
[INFO]2015-11-19 11:37:08,374: 开始查找: 16145
[INFO]2015-11-19 11:37:08,401: 开始查找: 16146
[INFO]2015-11-19 11:37:08,424: 开始查找: 16147
[INFO]2015-11-19 11:37:08,443: 开始查找: 16148
[INFO]2015-11-19 11:37:08,453: 开始查找: 16149
[INFO]2015-11-19 11:37:08,463: 开始查找: 16150
[INFO]2015-11-19 11:37:08,483: 开始查找: 16151
[INFO]2015-11-19 11:37:08,494: 开始查找: 16152
[INFO]2015-11-19 11:37:08,513: 开始查找: 16153
[INFO]2015-11-19 11:37:08,532: 开始查找: 16154
[INFO]2015-11-19 11:37:08,559: find 16154
[INFO]2015-11-19 11:37:08,559: 开始查找: 16155
[INFO]2015-11-19 11:37:08,578: find 16155
[INFO]2015-11-19 11:37:08,578: 开始查找: 16156
[INFO]2015-11-19 11:37:08,596: 开始查找: 16157
[INFO]2015-11-19 11:37:08,617: 开始查找: 16158
[INFO]2015-11-19 11:37:08,634: 开始查找: 16159
[INFO]2015-11-19 11:37:08,653: 开始查找: 16160
[INFO]2015-11-19 11:37:08,668: 开始查找: 16161
[INFO]2015-11-19 11:37:08,687: 开始查找: 16162
[INFO]2015-11-19 11:37:08,706: 开始查找: 16163
[INFO]2015-11-19 11:37:08,726: 开始查找: 16164
[INFO]2015-11-19 11:37:08,750: 开始查找: 16165
[INFO]2015-11-19 11:37:08,769: 开始查找: 16166
[INFO]2015-11-19 11:37:08,795: 开始查找: 16167
[INFO]2015-11-19 11:37:08,813: 开始查找: 16168
[INFO]2015-11-19 11:37:08,838: 开始查找: 16169
[INFO]2015-11-19 11:37:08,861: 开始查找: 16170
[INFO]2015-11-19 11:37:08,881: 开始查找: 16171
[INFO]2015-11-19 11:37:08,980: 开始查找: 16172
[INFO]2015-11-19 11:37:09,000: 开始查找: 16173
[INFO]2015-11-19 11:37:09,023: 开始查找: 16174
[INFO]2015-11-19 11:37:09,046: 开始查找: 16175
[INFO]2015-11-19 11:37:09,068: 开始查找: 16176
[INFO]2015-11-19 11:37:09,085: 开始查找: 16177
[INFO]2015-11-19 11:37:09,105: 开始查找: 16178
[INFO]2015-11-19 11:37:09,125: 开始查找: 16179
[INFO]2015-11-19 11:37:09,155: 开始查找: 16180
[INFO]2015-11-19 11:37:09,190: 开始查找: 16181
[INFO]2015-11-19 11:37:09,210: 开始查找: 16182
[INFO]2015-11-19 11:37:09,242: 开始查找: 16183
[INFO]2015-11-19 11:37:09,263: 开始查找: 16184
[INFO]2015-11-19 11:37:09,282: 开始查找: 16185
[INFO]2015-11-19 11:37:09,301: 开始查找: 16186
[INFO]2015-11-19 11:37:09,321: 开始查找: 16187
[INFO]2015-11-19 11:37:09,339: 开始查找: 16188
[INFO]2015-11-19 11:37:09,359: 开始查找: 16189
[INFO]2015-11-19 11:37:09,380: 开始查找: 16190
[INFO]2015-11-19 11:37:09,400: 开始查找: 16191
[INFO]2015-11-19 11:37:09,418: 开始查找: 16192
[INFO]2015-11-19 11:37:09,437: 开始查找: 16193
[INFO]2015-11-19 11:37:09,456: 开始查找: 16194
[INFO]2015-11-19 11:37:09,473: 开始查找: 16195
[INFO]2015-11-19 11:37:09,492: 开始查找: 16196
[INFO]2015-11-19 11:37:09,509: 开始查找: 16197
[INFO]2015-11-19 11:37:09,535: 开始查找: 16198
[INFO]2015-11-19 11:37:09,553: 开始查找: 16199
[INFO]2015-11-19 11:37:09,575: 开始查找: 16200
[INFO]2015-11-19 11:37:09,599: 开始查找: 16201
[INFO]2015-11-19 11:37:09,618: 开始查找: 16202
[INFO]2015-11-19 11:37:09,635: 开始查找: 16203
[INFO]2015-11-19 11:37:09,654: 开始查找: 16204
[INFO]2015-11-19 11:37:09,674: 开始查找: 16205
[INFO]2015-11-19 11:37:09,691: 开始查找: 16206
[INFO]2015-11-19 11:37:09,714: 开始查找: 16207
[INFO]2015-11-19 11:37:09,734: 开始查找: 16208
[INFO]2015-11-19 11:37:09,753: 开始查找: 16209
[INFO]2015-11-19 11:37:09,769: 开始查找: 16210
[INFO]2015-11-19 11:37:09,788: 开始查找: 16211
[INFO]2015-11-19 11:37:09,806: 开始查找: 16212
[INFO]2015-11-19 11:37:09,828: 开始查找: 16213
[INFO]2015-11-19 11:37:09,855: 开始查找: 16214
[INFO]2015-11-19 11:37:09,878: 开始查找: 16215
[INFO]2015-11-19 11:37:09,900: 开始查找: 16216
[INFO]2015-11-19 11:37:09,924: 开始查找: 16217
[INFO]2015-11-19 11:37:09,944: 开始查找: 16218
[INFO]2015-11-19 11:37:09,967: 开始查找: 16219
[INFO]2015-11-19 11:37:09,990: 开始查找: 16220
[INFO]2015-11-19 11:37:10,013: 开始查找: 16221
[INFO]2015-11-19 11:37:10,033: 开始查找: 16222
[INFO]2015-11-19 11:37:10,055: 开始查找: 16223
[DEBUG]2015-11-19 11:37:10,076: IndexError
[INFO]2015-11-19 11:37:10,076: 开始查找: 16224
[INFO]2015-11-19 11:37:10,101: 开始查找: 16225
[INFO]2015-11-19 11:37:10,121: 开始查找: 16226
[INFO]2015-11-19 11:37:10,140: 开始查找: 16227
[INFO]2015-11-19 11:37:10,157: 开始查找: 16228
[INFO]2015-11-19 11:37:10,177: 开始查找: 16229
[INFO]2015-11-19 11:37:10,198: 开始查找: 16230
[INFO]2015-11-19 11:37:10,219: 开始查找: 16231
[INFO]2015-11-19 11:37:10,246: 开始查找: 16232
[INFO]2015-11-19 11:37:10,269: 开始查找: 16233
[INFO]2015-11-19 11:37:10,292: 开始查找: 16234
[INFO]2015-11-19 11:37:10,315: 开始查找: 16235
[INFO]2015-11-19 11:37:10,336: 开始查找: 16236
[INFO]2015-11-19 11:37:10,358: 开始查找: 16237
[INFO]2015-11-19 11:37:10,381: 开始查找: 16238
[INFO]2015-11-19 11:37:10,401: 开始查找: 16239
[INFO]2015-11-19 11:37:10,430: 开始查找: 16240
[INFO]2015-11-19 11:37:10,448: 开始查找: 16241
[INFO]2015-11-19 11:37:10,470: 开始查找: 16242
[INFO]2015-11-19 11:37:10,490: 开始查找: 16243
[INFO]2015-11-19 11:37:10,509: 开始查找: 16244
[INFO]2015-11-19 11:37:10,526: 开始查找: 16245
[INFO]2015-11-19 11:37:10,549: 开始查找: 16246
[INFO]2015-11-19 11:37:10,568: 开始查找: 16247
[INFO]2015-11-19 11:37:10,588: 开始查找: 16248
[INFO]2015-11-19 11:37:10,608: 开始查找: 16249
[INFO]2015-11-19 11:37:10,628: 开始查找: 16250
[INFO]2015-11-19 11:37:10,653: 开始查找: 16251
[INFO]2015-11-19 11:37:10,673: 开始查找: 16252
[INFO]2015-11-19 11:37:10,697: 开始查找: 16253
[INFO]2015-11-19 11:37:10,723: 开始查找: 16254
[INFO]2015-11-19 11:37:10,749: 开始查找: 16255
[DEBUG]2015-11-19 11:37:10,769: IndexError
[INFO]2015-11-19 11:37:10,769: 开始查找: 16256
[INFO]2015-11-19 11:37:10,790: 开始查找: 16257
[INFO]2015-11-19 11:37:10,802: 开始查找: 16258
[INFO]2015-11-19 11:37:10,823: 开始查找: 16259
[INFO]2015-11-19 11:37:10,854: 开始查找: 16260
[INFO]2015-11-19 11:37:10,881: 开始查找: 16261
[INFO]2015-11-19 11:37:10,901: 开始查找: 16262
[INFO]2015-11-19 11:37:10,924: 开始查找: 16263
[INFO]2015-11-19 11:37:10,950: 开始查找: 16264
[INFO]2015-11-19 11:37:10,970: 开始查找: 16265
[INFO]2015-11-19 11:37:10,990: 开始查找: 16266
[INFO]2015-11-19 11:37:11,013: 开始查找: 16267
[INFO]2015-11-19 11:37:11,033: 开始查找: 16268
[INFO]2015-11-19 11:37:11,053: 开始查找: 16269
[INFO]2015-11-19 11:37:11,073: 开始查找: 16270
[INFO]2015-11-19 11:37:11,094: 开始查找: 16271
[INFO]2015-11-19 11:37:11,115: 开始查找: 16272
[INFO]2015-11-19 11:37:11,138: 开始查找: 16273
[INFO]2015-11-19 11:37:11,160: 开始查找: 16274
[INFO]2015-11-19 11:37:11,184: 开始查找: 16275
[INFO]2015-11-19 11:37:11,203: 开始查找: 16276
[INFO]2015-11-19 11:37:11,223: 开始查找: 16277
[INFO]2015-11-19 11:37:11,243: 开始查找: 16278
[INFO]2015-11-19 11:37:11,267: 开始查找: 16279
[INFO]2015-11-19 11:37:11,289: 开始查找: 16280
[INFO]2015-11-19 11:37:11,312: 开始查找: 16281
[INFO]2015-11-19 11:37:11,335: 开始查找: 16282
[INFO]2015-11-19 11:37:11,358: 开始查找: 16283
[INFO]2015-11-19 11:37:11,378: 开始查找: 16284
[INFO]2015-11-19 11:37:11,398: 开始查找: 16285
[INFO]2015-11-19 11:37:11,418: 开始查找: 16286
[INFO]2015-11-19 11:37:11,438: 开始查找: 16287
[INFO]2015-11-19 11:37:11,457: 开始查找: 16288
[INFO]2015-11-19 11:37:11,477: 开始查找: 16289
[INFO]2015-11-19 11:37:11,505: 开始查找: 16290
[INFO]2015-11-19 11:37:11,529: 开始查找: 16291
[INFO]2015-11-19 11:37:11,548: 开始查找: 16292
[INFO]2015-11-19 11:37:11,578: find 16292
[INFO]2015-11-19 11:37:11,578: 开始查找: 16293
[INFO]2015-11-19 11:37:11,601: 开始查找: 16294
[INFO]2015-11-19 11:37:11,622: 开始查找: 16295
[INFO]2015-11-19 11:37:11,644: 开始查找: 16296
[INFO]2015-11-19 11:37:11,664: 开始查找: 16297
[INFO]2015-11-19 11:37:11,687: 开始查找: 16298
[INFO]2015-11-19 11:37:11,709: 开始查找: 16299
[INFO]2015-11-19 11:37:11,733: 开始查找: 16300
[INFO]2015-11-19 11:37:11,762: 开始查找: 16301
[INFO]2015-11-19 11:37:11,785: 开始查找: 16302
[INFO]2015-11-19 11:37:11,805: 开始查找: 16303
[INFO]2015-11-19 11:37:11,828: 开始查找: 16304
[INFO]2015-11-19 11:37:11,849: 开始查找: 16305
[INFO]2015-11-19 11:37:11,871: 开始查找: 16306
[INFO]2015-11-19 11:37:11,890: 开始查找: 16307
[INFO]2015-11-19 11:37:11,908: 开始查找: 16308
[INFO]2015-11-19 11:37:11,927: 开始查找: 16309
[INFO]2015-11-19 11:37:11,946: 开始查找: 16310
[INFO]2015-11-19 11:37:11,969: 开始查找: 16311
[INFO]2015-11-19 11:37:11,999: 开始查找: 16312
[INFO]2015-11-19 11:37:12,029: 开始查找: 16313
[INFO]2015-11-19 11:37:12,049: 开始查找: 16314
[INFO]2015-11-19 11:37:12,066: 开始查找: 16315
[INFO]2015-11-19 11:37:12,085: 开始查找: 16316
[INFO]2015-11-19 11:37:12,102: 开始查找: 16317
[INFO]2015-11-19 11:37:12,122: 开始查找: 16318
[INFO]2015-11-19 11:37:12,151: 开始查找: 16319
[INFO]2015-11-19 11:37:12,171: 开始查找: 16320
[INFO]2015-11-19 11:37:12,190: 开始查找: 16321
[INFO]2015-11-19 11:37:12,211: 开始查找: 16322
[INFO]2015-11-19 11:37:12,234: 开始查找: 16323
[INFO]2015-11-19 11:37:12,256: 开始查找: 16324
[INFO]2015-11-19 11:37:12,275: 开始查找: 16325
[INFO]2015-11-19 11:37:12,290: 开始查找: 16326
[INFO]2015-11-19 11:37:12,309: 开始查找: 16327
[INFO]2015-11-19 11:37:12,328: 开始查找: 16328
[INFO]2015-11-19 11:37:12,349: 开始查找: 16329
[INFO]2015-11-19 11:37:12,368: 开始查找: 16330
[INFO]2015-11-19 11:37:12,385: 开始查找: 16331
[INFO]2015-11-19 11:37:12,404: 开始查找: 16332
[INFO]2015-11-19 11:37:12,424: 开始查找: 16333
[INFO]2015-11-19 11:37:12,444: 开始查找: 16334
[INFO]2015-11-19 11:37:12,461: 开始查找: 16335
[INFO]2015-11-19 11:37:12,484: 开始查找: 16336
[INFO]2015-11-19 11:37:12,502: 开始查找: 16337
[INFO]2015-11-19 11:37:12,519: 开始查找: 16338
[INFO]2015-11-19 11:37:12,538: 开始查找: 16339
[INFO]2015-11-19 11:37:12,556: 开始查找: 16340
[INFO]2015-11-19 11:37:12,575: 开始查找: 16341
[INFO]2015-11-19 11:37:12,595: 开始查找: 16342
[INFO]2015-11-19 11:37:12,612: 开始查找: 16343
[INFO]2015-11-19 11:37:12,634: 开始查找: 16344
[INFO]2015-11-19 11:37:12,654: 开始查找: 16345
[INFO]2015-11-19 11:37:12,674: 开始查找: 16346
[INFO]2015-11-19 11:37:12,694: 开始查找: 16347
[INFO]2015-11-19 11:37:12,713: 开始查找: 16348
[INFO]2015-11-19 11:37:12,733: 开始查找: 16349
[INFO]2015-11-19 11:37:12,755: 开始查找: 16350
[INFO]2015-11-19 11:37:12,775: 开始查找: 16351
[INFO]2015-11-19 11:37:12,793: 开始查找: 16352
[INFO]2015-11-19 11:37:12,812: 开始查找: 16353
[INFO]2015-11-19 11:37:12,832: 开始查找: 16354
[INFO]2015-11-19 11:37:12,940: 开始查找: 16355
[INFO]2015-11-19 11:37:12,960: 开始查找: 16356
[INFO]2015-11-19 11:37:12,980: 开始查找: 16357
[INFO]2015-11-19 11:37:13,002: 开始查找: 16358
[INFO]2015-11-19 11:37:13,026: 开始查找: 16359
[INFO]2015-11-19 11:37:13,045: 开始查找: 16360
[INFO]2015-11-19 11:37:13,065: 开始查找: 16361
[INFO]2015-11-19 11:37:13,085: 开始查找: 16362
[INFO]2015-11-19 11:37:13,118: 开始查找: 16363
[INFO]2015-11-19 11:37:13,141: find 16363
[INFO]2015-11-19 11:37:13,141: 开始查找: 16364
[INFO]2015-11-19 11:37:13,164: 开始查找: 16365
[INFO]2015-11-19 11:37:13,184: 开始查找: 16366
[INFO]2015-11-19 11:37:13,217: 开始查找: 16367
[INFO]2015-11-19 11:37:13,247: 开始查找: 16368
[INFO]2015-11-19 11:37:13,301: 开始查找: 16369
[INFO]2015-11-19 11:37:13,326: 开始查找: 16370
[INFO]2015-11-19 11:37:13,348: find 16370
[INFO]2015-11-19 11:37:13,349: 开始查找: 16371
[INFO]2015-11-19 11:37:13,372: find 16371
[INFO]2015-11-19 11:37:13,372: 开始查找: 16372
[INFO]2015-11-19 11:37:13,398: find 16372
[INFO]2015-11-19 11:37:13,398: 开始查找: 16373
[INFO]2015-11-19 11:37:13,428: 开始查找: 16374
[INFO]2015-11-19 11:37:13,450: find 16374
[INFO]2015-11-19 11:37:13,450: 开始查找: 16375
[INFO]2015-11-19 11:37:13,470: 开始查找: 16376
[INFO]2015-11-19 11:37:13,490: find 16376
[INFO]2015-11-19 11:37:13,490: 开始查找: 16377
[INFO]2015-11-19 11:37:13,510: 开始查找: 16378
[INFO]2015-11-19 11:37:13,532: 开始查找: 16379
[INFO]2015-11-19 11:37:13,552: 开始查找: 16380
[DEBUG]2015-11-19 11:37:13,575: IndexError
[INFO]2015-11-19 11:37:13,575: 开始查找: 16381
[INFO]2015-11-19 11:37:13,598: 开始查找: 16382
[INFO]2015-11-19 11:37:13,618: 开始查找: 16383
[INFO]2015-11-19 11:37:13,638: 开始查找: 16384
[INFO]2015-11-19 11:37:13,664: 开始查找: 16385
[INFO]2015-11-19 11:37:13,684: 开始查找: 16386
[INFO]2015-11-19 11:37:13,704: 开始查找: 16387
[INFO]2015-11-19 11:37:13,726: 开始查找: 16388
[INFO]2015-11-19 11:37:13,746: 开始查找: 16389
[INFO]2015-11-19 11:37:13,765: 开始查找: 16390
[INFO]2015-11-19 11:37:13,795: 开始查找: 16391
[INFO]2015-11-19 11:37:13,813: 开始查找: 16392
[INFO]2015-11-19 11:37:13,835: 开始查找: 16393
[INFO]2015-11-19 11:37:13,855: 开始查找: 16394
[INFO]2015-11-19 11:37:13,875: 开始查找: 16395
[INFO]2015-11-19 11:37:13,898: 开始查找: 16396
[INFO]2015-11-19 11:37:13,917: 开始查找: 16397
[INFO]2015-11-19 11:37:13,943: 开始查找: 16398
[INFO]2015-11-19 11:37:13,980: 开始查找: 16399
[INFO]2015-11-19 11:37:14,000: 开始查找: 16400
[INFO]2015-11-19 11:37:14,023: 开始查找: 16401
[INFO]2015-11-19 11:37:14,046: 开始查找: 16402
[INFO]2015-11-19 11:37:14,069: 开始查找: 16403
[INFO]2015-11-19 11:37:14,088: 开始查找: 16404
[INFO]2015-11-19 11:37:14,111: 开始查找: 16405
[INFO]2015-11-19 11:37:14,131: 开始查找: 16406
[INFO]2015-11-19 11:37:14,154: 开始查找: 16407
[INFO]2015-11-19 11:37:14,174: 开始查找: 16408
[INFO]2015-11-19 11:37:14,197: 开始查找: 16409
[INFO]2015-11-19 11:37:14,219: 开始查找: 16410
[INFO]2015-11-19 11:37:14,252: 开始查找: 16411
[INFO]2015-11-19 11:37:14,279: 开始查找: 16412
[INFO]2015-11-19 11:37:14,309: 开始查找: 16413
[INFO]2015-11-19 11:37:14,331: 开始查找: 16414
[INFO]2015-11-19 11:37:14,361: 开始查找: 16415
[INFO]2015-11-19 11:37:14,392: 开始查找: 16416
[INFO]2015-11-19 11:37:14,417: 开始查找: 16417
[INFO]2015-11-19 11:37:14,443: 开始查找: 16418
[DEBUG]2015-11-19 11:37:14,461: IndexError
[INFO]2015-11-19 11:37:14,461: 开始查找: 16419
[DEBUG]2015-11-19 11:37:14,483: IndexError
[INFO]2015-11-19 11:37:14,483: 开始查找: 16420
[DEBUG]2015-11-19 11:37:14,506: IndexError
[INFO]2015-11-19 11:37:14,506: 开始查找: 16421
[INFO]2015-11-19 11:37:14,526: 开始查找: 16422
[INFO]2015-11-19 11:37:14,552: 开始查找: 16423
[DEBUG]2015-11-19 11:37:14,572: IndexError
[INFO]2015-11-19 11:37:14,572: 开始查找: 16424
[INFO]2015-11-19 11:37:14,595: 开始查找: 16425
[INFO]2015-11-19 11:37:14,615: 开始查找: 16426
[INFO]2015-11-19 11:37:14,637: 开始查找: 16427
[INFO]2015-11-19 11:37:14,657: 开始查找: 16428
[INFO]2015-11-19 11:37:14,677: 开始查找: 16429
[INFO]2015-11-19 11:37:14,697: 开始查找: 16430
[INFO]2015-11-19 11:37:14,717: 开始查找: 16431
[INFO]2015-11-19 11:37:14,739: 开始查找: 16432
[INFO]2015-11-19 11:37:14,763: 开始查找: 16433
[INFO]2015-11-19 11:37:14,783: 开始查找: 16434
[INFO]2015-11-19 11:37:14,808: 开始查找: 16435
[INFO]2015-11-19 11:37:14,828: 开始查找: 16436
[INFO]2015-11-19 11:37:14,848: 开始查找: 16437
[INFO]2015-11-19 11:37:14,868: 开始查找: 16438
[INFO]2015-11-19 11:37:14,888: 开始查找: 16439
[INFO]2015-11-19 11:37:14,907: 开始查找: 16440
[INFO]2015-11-19 11:37:14,923: 开始查找: 16441
[INFO]2015-11-19 11:37:14,934: 开始查找: 16442
[INFO]2015-11-19 11:37:14,947: 开始查找: 16443
[INFO]2015-11-19 11:37:14,957: 开始查找: 16444
[INFO]2015-11-19 11:37:14,970: 开始查找: 16445
[INFO]2015-11-19 11:37:14,982: 开始查找: 16446
[INFO]2015-11-19 11:37:15,002: 开始查找: 16447
[INFO]2015-11-19 11:37:15,019: 开始查找: 16448
[INFO]2015-11-19 11:37:15,038: 开始查找: 16449
[INFO]2015-11-19 11:37:15,051: 开始查找: 16450
[INFO]2015-11-19 11:37:15,065: 开始查找: 16451
[INFO]2015-11-19 11:37:15,076: 开始查找: 16452
[INFO]2015-11-19 11:37:15,088: 开始查找: 16453
[INFO]2015-11-19 11:37:15,098: 开始查找: 16454
[INFO]2015-11-19 11:37:15,109: 开始查找: 16455
[INFO]2015-11-19 11:37:15,125: 开始查找: 16456
[INFO]2015-11-19 11:37:15,140: 开始查找: 16457
[INFO]2015-11-19 11:37:15,153: 开始查找: 16458
[INFO]2015-11-19 11:37:15,164: 开始查找: 16459
[INFO]2015-11-19 11:37:15,177: 开始查找: 16460
[INFO]2015-11-19 11:37:15,188: 开始查找: 16461
[INFO]2015-11-19 11:37:15,200: 开始查找: 16462
[INFO]2015-11-19 11:37:15,213: 开始查找: 16463
[INFO]2015-11-19 11:37:15,224: 开始查找: 16464
[INFO]2015-11-19 11:37:15,236: 开始查找: 16465
[INFO]2015-11-19 11:37:15,247: 开始查找: 16466
[INFO]2015-11-19 11:37:15,259: 开始查找: 16467
[INFO]2015-11-19 11:37:15,269: 开始查找: 16468
[INFO]2015-11-19 11:37:15,280: 开始查找: 16469
[INFO]2015-11-19 11:37:15,293: 开始查找: 16470
[INFO]2015-11-19 11:37:15,313: 开始查找: 16471
[INFO]2015-11-19 11:37:15,326: 开始查找: 16472
[INFO]2015-11-19 11:37:15,349: 开始查找: 16473
[INFO]2015-11-19 11:37:15,365: 开始查找: 16474
[INFO]2015-11-19 11:37:15,381: 开始查找: 16475
[INFO]2015-11-19 11:37:15,394: 开始查找: 16476
[INFO]2015-11-19 11:37:15,411: 开始查找: 16477
[INFO]2015-11-19 11:37:15,424: 开始查找: 16478
[INFO]2015-11-19 11:37:15,437: 开始查找: 16479
[INFO]2015-11-19 11:37:15,448: 开始查找: 16480
[INFO]2015-11-19 11:37:15,460: 开始查找: 16481
[INFO]2015-11-19 11:37:15,471: 开始查找: 16482
[INFO]2015-11-19 11:37:15,483: 开始查找: 16483
[INFO]2015-11-19 11:37:15,494: 开始查找: 16484
[INFO]2015-11-19 11:37:15,506: 开始查找: 16485
[INFO]2015-11-19 11:37:15,517: 开始查找: 16486
[INFO]2015-11-19 11:37:15,532: 开始查找: 16487
[INFO]2015-11-19 11:37:15,542: 开始查找: 16488
[INFO]2015-11-19 11:37:15,553: 开始查找: 16489
[INFO]2015-11-19 11:37:15,566: 开始查找: 16490
[INFO]2015-11-19 11:37:15,578: 开始查找: 16491
[INFO]2015-11-19 11:37:15,589: 开始查找: 16492
[INFO]2015-11-19 11:37:15,602: 开始查找: 16493
[INFO]2015-11-19 11:37:15,614: 开始查找: 16494
[INFO]2015-11-19 11:37:15,625: 开始查找: 16495
[INFO]2015-11-19 11:37:15,637: 开始查找: 16496
[INFO]2015-11-19 11:37:15,648: 开始查找: 16497
[INFO]2015-11-19 11:37:15,658: 开始查找: 16498
[INFO]2015-11-19 11:37:15,670: 开始查找: 16499
[INFO]2015-11-19 11:37:15,680: 开始查找: 16500
[INFO]2015-11-19 11:37:15,693: 开始查找: 16501
[INFO]2015-11-19 11:37:15,703: 开始查找: 16502
[INFO]2015-11-19 11:37:15,713: 开始查找: 16503
[INFO]2015-11-19 11:37:15,726: 开始查找: 16504
[INFO]2015-11-19 11:37:15,736: 开始查找: 16505
[INFO]2015-11-19 11:37:15,747: 开始查找: 16506
[INFO]2015-11-19 11:37:15,759: 开始查找: 16507
[INFO]2015-11-19 11:37:15,770: 开始查找: 16508
[INFO]2015-11-19 11:37:15,782: 开始查找: 16509
[INFO]2015-11-19 11:37:15,792: 开始查找: 16510
[INFO]2015-11-19 11:37:15,802: 开始查找: 16511
[INFO]2015-11-19 11:37:15,822: 开始查找: 16512
[INFO]2015-11-19 11:37:15,835: 开始查找: 16513
[INFO]2015-11-19 11:37:15,845: 开始查找: 16514
[INFO]2015-11-19 11:37:15,858: 开始查找: 16515
[INFO]2015-11-19 11:37:15,868: 开始查找: 16516
[INFO]2015-11-19 11:37:15,880: 开始查找: 16517
[INFO]2015-11-19 11:37:15,891: 开始查找: 16518
[INFO]2015-11-19 11:37:15,903: 开始查找: 16519
[INFO]2015-11-19 11:37:15,914: 开始查找: 16520
[INFO]2015-11-19 11:37:15,926: 开始查找: 16521
[INFO]2015-11-19 11:37:15,937: 开始查找: 16522
[INFO]2015-11-19 11:37:15,947: 开始查找: 16523
[INFO]2015-11-19 11:37:15,959: 开始查找: 16524
[INFO]2015-11-19 11:37:15,970: 开始查找: 16525
[INFO]2015-11-19 11:37:15,990: 更新起点至可能的ID:16423
[INFO]2015-11-19 11:37:15,990: 第1次查找结束
[INFO]2015-11-19 11:37:21,911: cache not found @2015-11-19 11:37:21
[DEBUG]2015-11-19 11:37:21,911: 未找到菜单	 可能的url: 	http://numenplus.yixin.im/singleNewsWap.do?materialId=16423	16420	16419	16418	16380
[INFO]2015-11-19 11:55:26,964: cache not found @2015-11-19 11:55:26
[DEBUG]2015-11-19 11:55:26,964: 未找到菜单	 可能的url: 	http://numenplus.yixin.im/singleNewsWap.do?materialId=16423	16420	16419	16418	16380
[INFO]2015-11-19 11:55:36,150: cache not found @2015-11-19 11:55:36
[DEBUG]2015-11-19 11:55:36,150: 未找到菜单	 可能的url: 	http://numenplus.yixin.im/singleNewsWap.do?materialId=16423	16420	16419	16418	16380
[INFO]2015-11-19 11:55:41,141: cache not found @2015-11-19 11:55:41
[DEBUG]2015-11-19 11:55:41,141: 未找到菜单	 可能的url: 	http://numenplus.yixin.im/singleNewsWap.do?materialId=16423	16420	16419	16418	16380
[INFO]2015-11-19 11:55:43,411: cache not found @2015-11-19 11:55:43
[DEBUG]2015-11-19 11:55:43,411: 未找到菜单	 可能的url: 	http://numenplus.yixin.im/singleNewsWap.do?materialId=16423	16420	16419	16418	16380
[INFO]2015-11-19 11:55:45,122: cache not found @2015-11-19 11:55:45
[DEBUG]2015-11-19 11:55:45,122: 未找到菜单	 可能的url: 	http://numenplus.yixin.im/singleNewsWap.do?materialId=16423	16420	16419	16418	16380
[INFO]2015-11-19 12:22:43,023: cache not found @2015-11-19 12:22:43
[DEBUG]2015-11-19 12:22:43,023: 未找到菜单	 可能的url: 	http://numenplus.yixin.im/singleNewsWap.do?materialId=16423	16420	16419	16418	16380
[INFO]2015-11-19 12:22:48,200: cache not found @2015-11-19 12:22:48
[DEBUG]2015-11-19 12:22:48,200: 未找到菜单	 可能的url: 	http://numenplus.yixin.im/singleNewsWap.do?materialId=16423	16420	16419	16418	16380
[INFO]2015-11-19 12:23:36,384: cache not found @2015-11-19 12:23:36
[DEBUG]2015-11-19 12:23:36,385: 未找到菜单	 可能的url: 	http://numenplus.yixin.im/singleNewsWap.do?materialId=16423	16420	16419	16418	16380
[INFO]2015-11-19 12:23:41,650: cache not found @2015-11-19 12:23:41
[DEBUG]2015-11-19 12:23:41,650: 未找到菜单	 可能的url: 	http://numenplus.yixin.im/singleNewsWap.do?materialId=16423	16420	16419	16418	16380
[INFO]2015-11-19 12:27:25,332: cache not found @2015-11-19 12:27:25
[DEBUG]2015-11-19 12:27:25,332: 未找到菜单	 可能的url: 	http://numenplus.yixin.im/singleNewsWap.do?materialId=16423	16420	16419	16418	16380
[INFO]2015-11-19 12:27:33,312: cache not found @2015-11-19 12:27:33
[DEBUG]2015-11-19 12:27:33,312: 未找到菜单	 可能的url: 	http://numenplus.yixin.im/singleNewsWap.do?materialId=16423	16420	16419	16418	16380
[INFO]2015-11-19 12:27:35,464: cache not found @2015-11-19 12:27:35
[DEBUG]2015-11-19 12:27:35,464: 未找到菜单	 可能的url: 	http://numenplus.yixin.im/singleNewsWap.do?materialId=16423	16420	16419	16418	16380
[INFO]2015-11-19 12:30:16,010: cache not found @2015-11-19 12:30:16
[DEBUG]2015-11-19 12:30:16,010: 未找到菜单	 可能的url: 	http://numenplus.yixin.im/singleNewsWap.do?materialId=16423	16420	16419	16418	16380
[INFO]2015-11-19 12:30:31,470: cache not found @2015-11-19 12:30:31
[DEBUG]2015-11-19 12:30:31,470: 未找到菜单	 可能的url: 	http://numenplus.yixin.im/singleNewsWap.do?materialId=16423	16420	16419	16418	16380
[INFO]2015-11-19 12:30:35,953: cache not found @2015-11-19 12:30:35
[DEBUG]2015-11-19 12:30:35,956: 未找到菜单	 可能的url: 	http://numenplus.yixin.im/singleNewsWap.do?materialId=16423	16420	16419	16418	16380
[INFO]2015-11-19 12:30:39,096: cache not found @2015-11-19 12:30:39
[DEBUG]2015-11-19 12:30:39,096: 未找到菜单	 可能的url: 	http://numenplus.yixin.im/singleNewsWap.do?materialId=16423	16420	16419	16418	16380
[INFO]2015-11-19 12:30:45,691: cache not found @2015-11-19 12:30:45
[DEBUG]2015-11-19 12:30:45,691: 未找到菜单	 可能的url: 	http://numenplus.yixin.im/singleNewsWap.do?materialId=16423	16420	16419	16418	16380
[INFO]2015-11-19 12:34:50,920: cache not found @2015-11-19 12:34:50
[DEBUG]2015-11-19 12:34:50,920: 未找到菜单	 可能的url: 	http://numenplus.yixin.im/singleNewsWap.do?materialId=16423	16420	16419	16418	16380
[INFO]2015-11-19 12:35:13,332: cache not found @2015-11-19 12:35:13
[DEBUG]2015-11-19 12:35:13,334: 未找到菜单	 可能的url: 	http://numenplus.yixin.im/singleNewsWap.do?materialId=16423	16420	16419	16418	16380
[INFO]2015-11-19 12:35:58,532: cache not found @2015-11-19 12:35:58
[DEBUG]2015-11-19 12:35:58,532: 未找到菜单	 可能的url: 	http://numenplus.yixin.im/singleNewsWap.do?materialId=16423	16420	16419	16418	16380
[INFO]2015-11-19 12:36:38,134: cache not found @2015-11-19 12:36:38
[DEBUG]2015-11-19 12:36:38,134: 未找到菜单	 可能的url: 	http://numenplus.yixin.im/singleNewsWap.do?materialId=16423	16420	16419	16418	16380
[INFO]2015-11-19 12:36:58,924: cache not found @2015-11-19 12:36:58
[DEBUG]2015-11-19 12:36:58,924: 未找到菜单	 可能的url: 	http://numenplus.yixin.im/singleNewsWap.do?materialId=16423	16420	16419	16418	16380
[INFO]2015-11-19 12:37:27,385: cache not found @2015-11-19 12:37:27
[DEBUG]2015-11-19 12:37:27,387: 未找到菜单	 可能的url: 	http://numenplus.yixin.im/singleNewsWap.do?materialId=16423	16420	16419	16418	16380
[INFO]2015-11-19 12:37:36,562: cache not found @2015-11-19 12:37:36
[DEBUG]2015-11-19 12:37:36,562: 未找到菜单	 可能的url: 	http://numenplus.yixin.im/singleNewsWap.do?materialId=16423	16420	16419	16418	16380
[INFO]2015-11-19 12:37:39,378: cache not found @2015-11-19 12:37:39
[DEBUG]2015-11-19 12:37:39,378: 未找到菜单	 可能的url: 	http://numenplus.yixin.im/singleNewsWap.do?materialId=16423	16420	16419	16418	16380
[INFO]2015-11-19 12:37:43,049: cache not found @2015-11-19 12:37:43
[DEBUG]2015-11-19 12:37:43,049: 未找到菜单	 可能的url: 	http://numenplus.yixin.im/singleNewsWap.do?materialId=16423	16420	16419	16418	16380
[INFO]2015-11-19 12:38:04,848: cache not found @2015-11-19 12:38:04
[DEBUG]2015-11-19 12:38:04,849: 未找到菜单	 可能的url: 	http://numenplus.yixin.im/singleNewsWap.do?materialId=16423	16420	16419	16418	16380
[INFO]2015-11-19 12:38:08,595: cache not found @2015-11-19 12:38:08
[DEBUG]2015-11-19 12:38:08,595: 未找到菜单	 可能的url: 	http://numenplus.yixin.im/singleNewsWap.do?materialId=16423	16420	16419	16418	16380
[INFO]2015-11-19 12:39:56,937: cache not found @2015-11-19 12:39:56
[DEBUG]2015-11-19 12:39:56,937: 未找到菜单	 可能的url: 	http://numenplus.yixin.im/singleNewsWap.do?materialId=16423	16420	16419	16418	16380
